#Build: Fabric Compiler 2022.1, Build 99559, Jul 12 00:20 2022
#Install: D:\PDS\PDS_2022.1\bin
#Application name: pds_shell.exe
#OS: Windows 10 10.0.22631
#Hostname: MICROSO-UNG0F87
Generated by Fabric Compiler (version 2022.1 build 99559) at Thu Oct 31 09:45:10 2024
Compiling verification operator library.
Compiling common defs.
Compiling prim grid devices.
Compiling gate devices.
Compiling gate operators.
Building architecture model.
Loading device packaging model.
Reading design from DB.
Start Generating Programming File...
Reading design from DB takes 3.781250 sec.
Generating architecture configuration.
The bitstream file is "D:/2345Downloads/finnal/hdmi_board/generate_bitstream/hdmi_ddr_ov5640_top.sbit"
Generate programming file takes 24.296875 sec.
Generating Programming File done.
Action gen_bit_stream: Real time elapsed is 0h:0m:38s
Action gen_bit_stream: CPU time elapsed is 0h:0m:28s
Action gen_bit_stream: Process CPU time elapsed is 0h:0m:28s
Current time: Thu Oct 31 09:45:46 2024
Action gen_bit_stream: Peak memory pool usage is 857 MB
