#Build: Fabric Configuration 2022.1, Build 99559, Jul 12 00:20 2022
#Install: D:\PDS\PDS_2022.1\bin
#Application name: cdt_cfg.exe
#OS: Windows 10 10.0.22631
#Hostname: MICROSO-UNG0F87
Generated by Fabric Configuration (version 2022.1 build 99559) at Fri Nov  1 22:20:04 2024
M_PROCESS_FINISH_STARTED

Connecting to server[127.0.0.1 : 65420].
Connect to server[127.0.0.1 : 65420] successfully.
COMMAND[check version information] execute successfully, takes 0.1 secs.
The cable List : 
Cable index 0:USB Cable II/fffffffffffffffe 

COMMAND[get_cable_paras] execute successfully, takes 0.9 secs.
PANGO USB CABLE II cable driver: D2XX DLL
PGL50H
COMMAND[Open config cable] execute successfully, takes 4.1 secs.
COMMAND[Program] execute successfully, takes 2.2 secs.
COMMAND[Program] execute successfully, takes 2.0 secs.
COMMAND[Program] execute successfully, takes 2.0 secs.
COMMAND[Program] execute successfully, takes 2.0 secs.
COMMAND[Program] execute successfully, takes 2.0 secs.
COMMAND[Program] execute successfully, takes 2.0 secs.
COMMAND[Program] execute successfully, takes 2.0 secs.
COMMAND[Program] execute successfully, takes 2.0 secs.
COMMAND[Program] execute successfully, takes 2.0 secs.
COMMAND[Program] execute successfully, takes 2.0 secs.
COMMAND[Program] execute successfully, takes 2.0 secs.
E: Configuration-0005: Try to abort Verifying.
E: JtagServer-0320: Fail to read back bitstream.
E: JtagServer-0607: Fail to compare D:/2345Downloads/finnal/hdmi_board/generate_bitstream/hdmi_ddr_ov5640_top.sbit file with readback file.
W: Configuration-4003: Maybe the cable frequency is high or file error, decreasing frequency may avoid fail or check file. And check flash mode whether device supports.
E: Configuration-0008: The operation 'Verify' execute fail.
COMMAND[Program] execute successfully, takes 2.0 secs.
COMMAND[Program] execute successfully, takes 2.0 secs.
COMMAND[Program] execute successfully, takes 2.0 secs.
COMMAND[Program] execute successfully, takes 2.0 secs.
COMMAND[Program] execute successfully, takes 2.0 secs.
COMMAND[Program] execute successfully, takes 2.0 secs.
COMMAND[Program] execute successfully, takes 2.0 secs.
