#Build: Fabric Inserter 2022.1, Build 99559, Jul 12 00:20 2022
#Install: D:\PDS\PDS_2022.1\bin
#Application name: cdt_ins.exe
#OS: Windows 10 10.0.22631
#Hostname: MICROSO-UNG0F87
Generated by Fabric Inserter (version 2022.1 build 99559) at Wed Oct 30 15:16:44 2024
*************************************************************************
*
*  Parsing design. Please be patient as this can take several minutes.
*
*************************************************************************
Compiling architecture definition.
Loading technology operator library.
Compiling technology operator library.
Compiling technology operator (valence) library.
Compiling file 'D:/2345Downloads/finnal/hdmi_board/synthesize/hdmi_ddr_ov5640_top_syn.adf' successful.
Creating module hierarchy.
Collecting net information.
*************************************************************************
*
*  Design Parsing Done.
*
*************************************************************************
Read project 'D:/2345Downloads/finnal/hdmi_board/synthesize/hdmi_ddr_ov5640_top_syn.fic' Successfully.
M_PROCESS_FINISH_STARTED

Successfully Write Project D:/2345Downloads/finnal/hdmi_board/synthesize/hdmi_ddr_ov5640_top_syn.fic.
