---------------------------------------------------------------------------------------------------------------------------------------------------------------------------------------------------------------------------------------------------------------------------------------------------------------------------------------------
Detailed RTL Component Info :
-----Module Name :
                    hdmi_ddr_ov5640_top

-----Multipliers :
                    8 x 5     Multipliers := 1
                    8 x 7     Multipliers := 2
                    8 x 8     Multipliers := 12

-----Adders :

APM: Final Mapping Report
|-----------------------------------------------------|---------------------------------------------------------------|--------------|--------------|---------|---------|---------|---------|---------|---------|--------------|--------------|--------------|--------------|--------------|
| APM Inst Name                                       | APM Cascade                                                   | X Size       | Y Size       | Z Size  | P Size  | X_REG   | Y_REG   | Z_REG   | P_REG   | MULT_REG     | PREADD_REG   | USE_PREADD   | USE_POSTADD  | Primitives   |
|-----------------------------------------------------|---------------------------------------------------------------|--------------|--------------|---------|---------|---------|---------|---------|---------|--------------|--------------|--------------|--------------|--------------|
| scale_top_u/u_vin_scale_down_g/u_scaler/calu_h/N4   | /                                                             | 8(unsigned)  | 8(unsigned)  | /       | 16      | 1       | 1       | /       | 1       | 1            | 0            | 0            | 1            | GTP_APM_E1   |
|-----------------------------------------------------|---------------------------------------------------------------|--------------|--------------|---------|---------|---------|---------|---------|---------|--------------|--------------|--------------|--------------|--------------|
| scale_top_u/u_vin_scale_down_b/u_scaler/calu_h/N4   | /                                                             | 8(unsigned)  | 8(unsigned)  | /       | 16      | 1       | 1       | /       | 1       | 1            | 0            | 0            | 1            | GTP_APM_E1   |
|-----------------------------------------------------|---------------------------------------------------------------|--------------|--------------|---------|---------|---------|---------|---------|---------|--------------|--------------|--------------|--------------|--------------|
| scale_top_u/u_vin_scale_down_g/u_scaler/calu_v/N7   | CPO>>16 + scale_top_u/u_vin_scale_down_g/u_scaler/calu_v/N4   | 8(unsigned)  | 8(unsigned)  | /       | 0       | 1       | 1       | /       | 0       | 1            | 0            | 0            | 0            | GTP_APM_E1   |
|-----------------------------------------------------|---------------------------------------------------------------|--------------|--------------|---------|---------|---------|---------|---------|---------|--------------|--------------|--------------|--------------|--------------|
| scale_top_u/u_vin_scale_down_b/u_scaler/calu_v/N4   | /                                                             | 8(unsigned)  | 8(unsigned)  | /       | 16      | 1       | 1       | /       | 1       | 1            | 0            | 0            | 1            | GTP_APM_E1   |
|-----------------------------------------------------|---------------------------------------------------------------|--------------|--------------|---------|---------|---------|---------|---------|---------|--------------|--------------|--------------|--------------|--------------|
| scale_top_u/u_vin_scale_down_g/u_scaler/calu_v/N4   | /                                                             | 8(unsigned)  | 8(unsigned)  | /       | 16      | 1       | 1       | /       | 1       | 1            | 0            | 0            | 1            | GTP_APM_E1   |
|-----------------------------------------------------|---------------------------------------------------------------|--------------|--------------|---------|---------|---------|---------|---------|---------|--------------|--------------|--------------|--------------|--------------|
| scale_top_u/u_vin_scale_down_b/u_scaler/calu_h/N7   | CPO>>16 + scale_top_u/u_vin_scale_down_b/u_scaler/calu_h/N4   | 8(unsigned)  | 8(unsigned)  | /       | 0       | 1       | 1       | /       | 0       | 1            | 0            | 0            | 0            | GTP_APM_E1   |
|-----------------------------------------------------|---------------------------------------------------------------|--------------|--------------|---------|---------|---------|---------|---------|---------|--------------|--------------|--------------|--------------|--------------|
| scale_top_u/u_vin_scale_down_r/u_scaler/calu_h/N7   | CPO>>16 + scale_top_u/u_vin_scale_down_r/u_scaler/calu_h/N4   | 8(unsigned)  | 8(unsigned)  | /       | 0       | 1       | 1       | /       | 0       | 1            | 0            | 0            | 0            | GTP_APM_E1   |
|-----------------------------------------------------|---------------------------------------------------------------|--------------|--------------|---------|---------|---------|---------|---------|---------|--------------|--------------|--------------|--------------|--------------|
| scale_top_u/u_vin_scale_down_g/u_scaler/calu_h/N7   | CPO>>16 + scale_top_u/u_vin_scale_down_g/u_scaler/calu_h/N4   | 8(unsigned)  | 8(unsigned)  | /       | 0       | 1       | 1       | /       | 0       | 1            | 0            | 0            | 0            | GTP_APM_E1   |
|-----------------------------------------------------|---------------------------------------------------------------|--------------|--------------|---------|---------|---------|---------|---------|---------|--------------|--------------|--------------|--------------|--------------|
| scale_top_u/u_vin_scale_down_r/u_scaler/calu_h/N4   | /                                                             | 8(unsigned)  | 8(unsigned)  | /       | 16      | 1       | 1       | /       | 1       | 1            | 0            | 0            | 1            | GTP_APM_E1   |
|-----------------------------------------------------|---------------------------------------------------------------|--------------|--------------|---------|---------|---------|---------|---------|---------|--------------|--------------|--------------|--------------|--------------|
| scale_top_u/u_vin_scale_down_b/u_scaler/calu_v/N7   | CPO>>16 + scale_top_u/u_vin_scale_down_b/u_scaler/calu_v/N4   | 8(unsigned)  | 8(unsigned)  | /       | 0       | 1       | 1       | /       | 0       | 1            | 0            | 0            | 0            | GTP_APM_E1   |
|-----------------------------------------------------|---------------------------------------------------------------|--------------|--------------|---------|---------|---------|---------|---------|---------|--------------|--------------|--------------|--------------|--------------|
| ycbcr/N47                                           | /                                                             | 8(unsigned)  | 7(unsigned)  | /       | 15      | 1       | 0       | /       | 0       | 0            | 0            | 0            | 0            | GTP_APM_E1   |
|-----------------------------------------------------|---------------------------------------------------------------|--------------|--------------|---------|---------|---------|---------|---------|---------|--------------|--------------|--------------|--------------|--------------|
| scale_top_u/u_vin_scale_down_r/u_scaler/calu_v/N7   | CPO>>16 + scale_top_u/u_vin_scale_down_r/u_scaler/calu_v/N4   | 8(unsigned)  | 8(unsigned)  | /       | 0       | 1       | 1       | /       | 0       | 1            | 0            | 0            | 0            | GTP_APM_E1   |
|-----------------------------------------------------|---------------------------------------------------------------|--------------|--------------|---------|---------|---------|---------|---------|---------|--------------|--------------|--------------|--------------|--------------|
| scale_top_u/u_vin_scale_down_r/u_scaler/calu_v/N4   | /                                                             | 8(unsigned)  | 8(unsigned)  | /       | 16      | 1       | 1       | /       | 1       | 1            | 0            | 0            | 1            | GTP_APM_E1   |
|-----------------------------------------------------|---------------------------------------------------------------|--------------|--------------|---------|---------|---------|---------|---------|---------|--------------|--------------|--------------|--------------|--------------|

---------------------------------------------------------------------------------------------------------------------------------------------------------------------------------------------------------------------------------------------------------------------------------------------------------------------------------------------

-------------------------------------------------------------------------------------------------------------------------------------------------------------------------------------------------------------------------------------------------------------------------------------------------------------------
Detailed RTL Component Info :
-----Module Name :
                    hdmi_ddr_ov5640_top

-----ROMs :
            1K Bit    (64 x 20 bit)          ROMs := 1
            10K Bit    (512 x 20 bit)          ROMs := 3

-----RAMs :
            32 Bit    (16 x 2 bit)          RAMs := 1
            688 Bit    (16 x 43 bit)          RAMs := 2
            160 Bit    (32 x 5 bit)          RAMs := 1

Distributed RAM and Block RAM: Final Mapping Report
|------------------------------------------------------------------------------------------------------------------------------------------------------------------------------------------|------------------------|-------------------|---------|
| DPRAM Inst Name                                                                                                                                                                          | Size (Depth x Width)   | Primitives        | Count   |
|------------------------------------------------------------------------------------------------------------------------------------------------------------------------------------------|------------------------|-------------------|---------|
| u_DDR3_50H/u_ipsxb_ddrc_top/mcdq_rdatapath/mcdq_prefetch_fifo/ipsxb_distributed_fifo/u_ipsxb_distributed_fifo_distributed_fifo_v1_0/ipsxb_distributed_sdpram_distributed_fifo_v1_0/mem   | 32 x 5                 |                   |         |
|                                                                                                                                                                                          | 32 x 1                 | GTP_RAM32X1DP     | 5       |
|------------------------------------------------------------------------------------------------------------------------------------------------------------------------------------------|------------------------|-------------------|---------|
| u_DDR3_50H/u_ipsxb_ddrc_top/mcdq_dcp_top/mcdq_dcp_buf/A_ipsxb_distributed_fifo/u_ipsxb_distributed_fifo_distributed_fifo_v1_0/ipsxb_distributed_sdpram_distributed_fifo_v1_0/mem         | 16 x 43                |                   |         |
|                                                                                                                                                                                          | 16 x 1                 | GTP_RAM16X1DP     | 39      |
|------------------------------------------------------------------------------------------------------------------------------------------------------------------------------------------|------------------------|-------------------|---------|
| u_DDR3_50H/u_ipsxb_ddrc_top/mcdq_wdatapath/ipsxb_distributed_fifo/u_ipsxb_distributed_fifo_distributed_fifo_v1_0/ipsxb_distributed_sdpram_distributed_fifo_v1_0/mem                      | 16 x 2                 |                   |         |
|                                                                                                                                                                                          | 16 x 1                 | GTP_RAM16X1DP     | 2       |
|------------------------------------------------------------------------------------------------------------------------------------------------------------------------------------------|------------------------|-------------------|---------|
| u_DDR3_50H/u_ipsxb_ddrc_top/mcdq_dcp_top/mcdq_dcp_buf/B_ipsxb_distributed_fifo/u_ipsxb_distributed_fifo_distributed_fifo_v1_0/ipsxb_distributed_sdpram_distributed_fifo_v1_0/mem         | 16 x 43                |                   |         |
|                                                                                                                                                                                          | 16 x 1                 | GTP_RAM16X1DP     | 39      |
|------------------------------------------------------------------------------------------------------------------------------------------------------------------------------------------|------------------------|-------------------|---------|

|---------------------------------------------------------|------------------------|-------------------|-------------------|-------------------|-------------------|
| Inst Name                                               | Size (Depth x Width)   | Write_Mode_A      | Write_Mode_B      | Ram_Mode          | Primitives        |
|---------------------------------------------------------|------------------------|-------------------|-------------------|-------------------|-------------------|
| ms72xx_ctl_inst1/ms7210_ctl_inst/N325_1_concat_2        | 64 x 20                |                   |                   |                   |                   |
|                                  N325_1_concat_2        | 64 x 20                | NORMAL_WRITE      | /                 | SINGLE_PORT       | GTP_DRM9K         |
|---------------------------------------------------------|------------------------|-------------------|-------------------|-------------------|-------------------|
| ms72xx_ctl_inst1/ms7200_ctl_inst/N1219_1_concat_3       | 512 x 20               |                   |                   |                   |                   |
|                                  N1219_1_concat_3       | 512 x 20               | NORMAL_WRITE      | /                 | SINGLE_PORT       | GTP_DRM18K        |
|---------------------------------------------------------|------------------------|-------------------|-------------------|-------------------|-------------------|
| ms7200_double_crtl_inst/ms7200_ctl_1/N1219_1_concat_3   | 512 x 20               |                   |                   |                   |                   |
|                                      N1219_1_concat_3   | 512 x 20               | NORMAL_WRITE      | /                 | SINGLE_PORT       | GTP_DRM18K        |
|---------------------------------------------------------|------------------------|-------------------|-------------------|-------------------|-------------------|
| ms7200_double_crtl_inst/ms7200_ctl_2/N1219_1_concat_3   | 512 x 20               |                   |                   |                   |                   |
|                                      N1219_1_concat_3   | 512 x 20               | NORMAL_WRITE      | /                 | SINGLE_PORT       | GTP_DRM18K        |
|---------------------------------------------------------|------------------------|-------------------|-------------------|-------------------|-------------------|

-------------------------------------------------------------------------------------------------------------------------------------------------------------------------------------------------------------------------------------------------------------------------------------------------------------------

