IP Generator (Version 2022.1 build 99559)
Check out license ...
Start generating at 2023-09-17 16:05
Instance: hdmi_linebuffer (F:\PANGO2022.1\PGL50H_Test\HDMI_FOUR_DIV\ipcore\hdmi_linebuffer\hdmi_linebuffer.idf)
IP: DRM Based Simple Dual Port RAM (1.6)
Part: Logos-PGL50H-FBG484--6
Create directory 'rtl' ...
Copy 'rtl\ipml_sdpram_v1_6.v.xml' to 'rtl' ...
Compile file 'rtl\ipml_sdpram_v1_6.v.xml' to 'rtl\ipml_sdpram_v1_6_hdmi_linebuffer.v' ...
Copy 'ipml_sdpram_wrapper_v1_6.v.xml' ...
Compile file 'ipml_sdpram_wrapper_v1_6.v.xml' to 'hdmi_linebuffer.v' ...
Found top module 'hdmi_linebuffer' in file 'hdmi_linebuffer.v'.
Copy 'ipml_sdpram_wrapper_v1_3_tb.v.xml' ...
Compile file 'ipml_sdpram_wrapper_v1_3_tb.v.xml' to 'hdmi_linebuffer_tb.v' ...
Copy 'init_param_bin_exmp.dat' ...
Copy 'init_param_hex_exmp.dat' ...
Run file 'createParam.tcl' ...
Create template file 'hdmi_linebuffer_tmpl.v' ...
Create template file 'hdmi_linebuffer_tmpl.vhdl' ...
There are 2 source files to synthesize.
Synthesis is disabled.
Done: 0 error(s), 0 warning(s)
