# Reading pref.tcl
# //  ModelSim SE-64 2020.4 Oct 13 2020
# //
# //  Copyright 1991-2020 Mentor Graphics Corporation
# //  All Rights Reserved.
# //
# //  ModelSim SE-64 and its associated documentation contain trade
# //  secrets and commercial or financial information that are the property of
# //  Mentor Graphics Corporation and are privileged, confidential,
# //  and exempt from disclosure under the Freedom of Information Act,
# //  5 U.S.C. Section 552. Furthermore, this information
# //  is prohibited from disclosure under the Trade Secrets Act,
# //  18 U.S.C. Section 1905.
# //
# do {run_behav_compile.tcl}
# Model Technology ModelSim SE-64 vmap 2020.4 Lib Mapping Utility 2020.10 Oct 13 2020
# vmap work ./work 
# Modifying modelsim.ini
# Model Technology ModelSim SE-64 vmap 2020.4 Lib Mapping Utility 2020.10 Oct 13 2020
# vmap usim C:/Users/JIAOFUJUN/Desktop/scaler_version/compile/usim 
# Modifying modelsim.ini
# Model Technology ModelSim SE-64 vmap 2020.4 Lib Mapping Utility 2020.10 Oct 13 2020
# vmap adc C:/Users/JIAOFUJUN/Desktop/scaler_version/compile/adc 
# Modifying modelsim.ini
# Model Technology ModelSim SE-64 vmap 2020.4 Lib Mapping Utility 2020.10 Oct 13 2020
# vmap ddrc C:/Users/JIAOFUJUN/Desktop/scaler_version/compile/ddrc 
# Modifying modelsim.ini
# Model Technology ModelSim SE-64 vmap 2020.4 Lib Mapping Utility 2020.10 Oct 13 2020
# vmap ddrphy C:/Users/JIAOFUJUN/Desktop/scaler_version/compile/ddrphy 
# Modifying modelsim.ini
# Model Technology ModelSim SE-64 vmap 2020.4 Lib Mapping Utility 2020.10 Oct 13 2020
# vmap hsst_e2 C:/Users/JIAOFUJUN/Desktop/scaler_version/compile/hsst_e2 
# Modifying modelsim.ini
# Model Technology ModelSim SE-64 vmap 2020.4 Lib Mapping Utility 2020.10 Oct 13 2020
# vmap iolhr_dft C:/Users/JIAOFUJUN/Desktop/scaler_version/compile/iolhr_dft 
# Modifying modelsim.ini
# Model Technology ModelSim SE-64 vmap 2020.4 Lib Mapping Utility 2020.10 Oct 13 2020
# vmap ipal_e1 C:/Users/JIAOFUJUN/Desktop/scaler_version/compile/ipal_e1 
# Modifying modelsim.ini
# Model Technology ModelSim SE-64 vmap 2020.4 Lib Mapping Utility 2020.10 Oct 13 2020
# vmap pciegen2 C:/Users/JIAOFUJUN/Desktop/scaler_version/compile/pciegen2 
# Modifying modelsim.ini
# Model Technology ModelSim SE-64 vlog 2020.4 Compiler 2020.10 Oct 13 2020
# Start time: 16:49:59 on Oct 20,2023
# vlog -reportprogress 300 C:/Users/JIAOFUJUN/Desktop/scaler_version/source/rtl/hdmi_ddr_ov5640_top.v -work work 
# -- Compiling module hdmi_ddr_ov5640_top
# ** Error (suppressible): C:/Users/JIAOFUJUN/Desktop/scaler_version/source/rtl/hdmi_ddr_ov5640_top.v(1313): (vlog-2388) 'change_yuv' already declared in this scope (hdmi_ddr_ov5640_top) at C:/Users/JIAOFUJUN/Desktop/scaler_version/source/rtl/hdmi_ddr_ov5640_top.v(646).
# ** Error (suppressible): C:/Users/JIAOFUJUN/Desktop/scaler_version/source/rtl/hdmi_ddr_ov5640_top.v(1345): (vlog-2388) 'rgb_ctrl_plus10' already declared in this scope (hdmi_ddr_ov5640_top) at C:/Users/JIAOFUJUN/Desktop/scaler_version/source/rtl/hdmi_ddr_ov5640_top.v(647).
# ** Error (suppressible): C:/Users/JIAOFUJUN/Desktop/scaler_version/source/rtl/hdmi_ddr_ov5640_top.v(1346): (vlog-2388) 'r_ctrl_plus10' already declared in this scope (hdmi_ddr_ov5640_top) at C:/Users/JIAOFUJUN/Desktop/scaler_version/source/rtl/hdmi_ddr_ov5640_top.v(648).
# ** Error (suppressible): C:/Users/JIAOFUJUN/Desktop/scaler_version/source/rtl/hdmi_ddr_ov5640_top.v(1347): (vlog-2388) 'g_ctrl_plus10' already declared in this scope (hdmi_ddr_ov5640_top) at C:/Users/JIAOFUJUN/Desktop/scaler_version/source/rtl/hdmi_ddr_ov5640_top.v(649).
# ** Error (suppressible): C:/Users/JIAOFUJUN/Desktop/scaler_version/source/rtl/hdmi_ddr_ov5640_top.v(1348): (vlog-2388) 'b_ctrl_plus10' already declared in this scope (hdmi_ddr_ov5640_top) at C:/Users/JIAOFUJUN/Desktop/scaler_version/source/rtl/hdmi_ddr_ov5640_top.v(650).
# ** Error (suppressible): C:/Users/JIAOFUJUN/Desktop/scaler_version/source/rtl/hdmi_ddr_ov5640_top.v(1588): (vlog-2367) Multiple connections to the same port: debug_data.
# ** Error (suppressible): C:/Users/JIAOFUJUN/Desktop/scaler_version/source/rtl/hdmi_ddr_ov5640_top.v(1588): (vlog-2367) Multiple connections to the same port: debug_slice_state.
# ** Error (suppressible): C:/Users/JIAOFUJUN/Desktop/scaler_version/source/rtl/hdmi_ddr_ov5640_top.v(1588): (vlog-2367) Multiple connections to the same port: debug_calib_ctrl.
# ** Error (suppressible): C:/Users/JIAOFUJUN/Desktop/scaler_version/source/rtl/hdmi_ddr_ov5640_top.v(1588): (vlog-2367) Multiple connections to the same port: ck_dly_set_bin.
# ** Error (suppressible): C:/Users/JIAOFUJUN/Desktop/scaler_version/source/rtl/hdmi_ddr_ov5640_top.v(1588): (vlog-2367) Multiple connections to the same port: dll_step.
# ** Error (suppressible): C:/Users/JIAOFUJUN/Desktop/scaler_version/source/rtl/hdmi_ddr_ov5640_top.v(1588): (vlog-2367) Multiple connections to the same port: dll_lock.
# ** Error (suppressible): C:/Users/JIAOFUJUN/Desktop/scaler_version/source/rtl/hdmi_ddr_ov5640_top.v(1588): (vlog-2367) Multiple connections to the same port: init_read_clk_ctrl.
# ** Error (suppressible): C:/Users/JIAOFUJUN/Desktop/scaler_version/source/rtl/hdmi_ddr_ov5640_top.v(1588): (vlog-2367) Multiple connections to the same port: init_slip_step.
# ** Error (suppressible): C:/Users/JIAOFUJUN/Desktop/scaler_version/source/rtl/hdmi_ddr_ov5640_top.v(1588): (vlog-2367) Multiple connections to the same port: force_read_clk_ctrl.
# End time: 16:49:59 on Oct 20,2023, Elapsed time: 0:00:00
# Errors: 14, Warnings: 0
# ** Error: E:/MODELSIM/win64/vlog failed.
# Error in macro ./run_behav_compile.tcl line 16
# E:/MODELSIM/win64/vlog failed.
#     while executing
# "vlog   "C:/Users/JIAOFUJUN/Desktop/scaler_version/source/rtl/hdmi_ddr_ov5640_top.v" -work work"
# do {run_behav_simulate.tcl}
# vsim -novopt -L work -L usim -L adc -L ddrc -L ddrphy -L hsst_e2 -L iolhr_dft -L ipal_e1 -L pciegen2 fifo_tb usim.GTP_GRS 
# Start time: 16:50:00 on Oct 20,2023
# ** Error (suppressible): (vsim-12110) All optimizations are disabled because the -novopt option is in effect. This will cause your simulation to run very slowly. If you are using this switch to preserve visibility for Debug or PLI features, please see the User's Manual section on Preserving Object Visibility with vopt. -novopt option is now deprecated and will be removed in future releases.
# Error loading design
# Error: Error loading design
#        Pausing macro execution
# MACRO ./run_behav_simulate.tcl PAUSED at line 6
vsim -novopt -L work -L usim -L adc -L ddrc -L ddrphy -L hsst_e2 -L iolhr_dft -L ipal_e1 -L pciegen2 ddrphy.8dcf492
# vsim -novopt -L work -L usim -L adc -L ddrc -L ddrphy -L hsst_e2 -L iolhr_dft -L ipal_e1 -L pciegen2 ddrphy.8dcf492 
# Start time: 16:50:00 on Oct 20,2023
# ** Error (suppressible): (vsim-12110) All optimizations are disabled because the -novopt option is in effect. This will cause your simulation to run very slowly. If you are using this switch to preserve visibility for Debug or PLI features, please see the User's Manual section on Preserving Object Visibility with vopt. -novopt option is now deprecated and will be removed in future releases.
# Error loading design
# Error: Error loading design
#        Pausing macro execution
# MACRO ./run_behav_simulate.tcl PAUSED at line 6
# Break key hit
vsim -novopt -L work -L usim -L adc -L ddrc -L ddrphy -L hsst_e2 -L iolhr_dft -L ipal_e1 -L pciegen2 111111
# vsim -novopt -L work -L usim -L adc -L ddrc -L ddrphy -L hsst_e2 -L iolhr_dft -L ipal_e1 -L pciegen2 111111 
# Start time: 16:50:00 on Oct 20,2023
# ** Error (suppressible): (vsim-12110) All optimizations are disabled because the -novopt option is in effect. This will cause your simulation to run very slowly. If you are using this switch to preserve visibility for Debug or PLI features, please see the User's Manual section on Preserving Object Visibility with vopt. -novopt option is now deprecated and will be removed in future releases.
# Error loading design
# Error: Error loading design
#        Pausing macro execution
# MACRO ./run_behav_simulate.tcl PAUSED at line 6
restart -f
# No Design Loaded!
# Load canceled
# Loading project work
